This is pdfTeX, Version 3.14159265-2.6-1.40.20 (TeX Live 2019/W32TeX) (preloaded format=pdflatex 2019.11.18)  18 SEP 2023 13:58
entering extended mode
 restricted \write18 enabled.
 %&-line parsing enabled.
**Corrrection.tex -shell-escape
(./Corrrection.tex
LaTeX2e <2019-10-01> patch level 3
(c:/texlive/2019/texmf-dist/tex/latex/koma-script/scrreprt.cls
Document Class: scrreprt 2019/10/12 v3.27 KOMA-Script document class (report)
(c:/texlive/2019/texmf-dist/tex/latex/koma-script/scrkbase.sty
Package: scrkbase 2019/10/12 v3.27 KOMA-Script package (KOMA-Script-dependent b
asics and keyval usage)

(c:/texlive/2019/texmf-dist/tex/latex/koma-script/scrbase.sty
Package: scrbase 2019/10/12 v3.27 KOMA-Script package (KOMA-Script-independent 
basics and keyval usage)

(c:/texlive/2019/texmf-dist/tex/latex/graphics/keyval.sty
Package: keyval 2014/10/28 v1.15 key=value parser (DPC)
\KV@toks@=\toks14
)
(c:/texlive/2019/texmf-dist/tex/latex/koma-script/scrlfile.sty
Package: scrlfile 2019/10/12 v3.27 KOMA-Script package (loading files)
)))
(c:/texlive/2019/texmf-dist/tex/latex/koma-script/tocbasic.sty
Package: tocbasic 2019/10/12 v3.27 KOMA-Script package (handling toc-files)
\scr@dte@tocline@numberwidth=\skip41
\scr@dte@tocline@numbox=\box27
)
Package tocbasic Info: omitting babel extension for `toc'
(tocbasic)             because of feature `nobabel' available
(tocbasic)             for `toc' on input line 137.
Class scrreprt Info: File `scrsize11pt.clo' used instead of
(scrreprt)           file `scrsize11.clo' to setup font sizes on input line 241
7.

(c:/texlive/2019/texmf-dist/tex/latex/koma-script/scrsize11pt.clo
File: scrsize11pt.clo 2019/10/12 v3.27 KOMA-Script font size class option (11pt
)
)
(c:/texlive/2019/texmf-dist/tex/latex/koma-script/typearea.sty
Package: typearea 2019/10/12 v3.27 KOMA-Script package (type area)
\ta@bcor=\skip42
\ta@div=\count80
Package typearea Info: You've used standard option `a4paper'.
(typearea)             This is correct!
(typearea)             Internally I'm using `paper=a4'.
(typearea)             If you'd like to set the option with \KOMAoptions,
(typearea)             you'd have to use `paper=a4' there
(typearea)             instead of `a4paper', too.
\ta@hblk=\skip43
\ta@vblk=\skip44
\ta@temp=\skip45
\footheight=\skip46
Package typearea Info: These are the values describing the layout:
(typearea)             DIV  = 10
(typearea)             BCOR = 0.0pt
(typearea)             \paperwidth      = 597.50793pt
(typearea)              \textwidth      = 418.25555pt
(typearea)              DIV departure   = -6%
(typearea)              \evensidemargin = 17.3562pt
(typearea)              \oddsidemargin  = 17.3562pt
(typearea)             \paperheight     = 845.04694pt
(typearea)              \textheight     = 595.80026pt
(typearea)              \topmargin      = -25.16531pt
(typearea)              \headheight     = 17.0pt
(typearea)              \headsep        = 20.40001pt
(typearea)              \topskip        = 11.0pt
(typearea)              \footskip       = 47.6pt
(typearea)              \baselineskip   = 13.6pt
(typearea)              on input line 1716.
)
\c@part=\count81
\c@chapter=\count82
\c@section=\count83
\c@subsection=\count84
\c@subsubsection=\count85
\c@paragraph=\count86
\c@subparagraph=\count87
\scr@dte@chapter@maxnumwidth=\skip47
Class scrreprt Info: using compatibility default `afterindent=bysign'
(scrreprt)           for `\chapter on input line 5525.
\scr@dte@section@maxnumwidth=\skip48
Class scrreprt Info: using compatibility default `runin=bysign'
(scrreprt)           for `\section on input line 5535.
Class scrreprt Info: using compatibility default `afterindent=bysign'
(scrreprt)           for `\section on input line 5535.
\scr@dte@part@maxnumwidth=\skip49
Class scrreprt Info: using compatibility default `afterindent=true'
(scrreprt)           for `\part on input line 5544.
\scr@dte@subsection@maxnumwidth=\skip50
Class scrreprt Info: using compatibility default `runin=bysign'
(scrreprt)           for `\subsection on input line 5554.
Class scrreprt Info: using compatibility default `afterindent=bysign'
(scrreprt)           for `\subsection on input line 5554.
\scr@dte@subsubsection@maxnumwidth=\skip51
Class scrreprt Info: using compatibility default `runin=bysign'
(scrreprt)           for `\subsubsection on input line 5564.
Class scrreprt Info: using compatibility default `afterindent=bysign'
(scrreprt)           for `\subsubsection on input line 5564.
\scr@dte@paragraph@maxnumwidth=\skip52
Class scrreprt Info: using compatibility default `runin=bysign'
(scrreprt)           for `\paragraph on input line 5574.
Class scrreprt Info: using compatibility default `afterindent=bysign'
(scrreprt)           for `\paragraph on input line 5574.
\scr@dte@subparagraph@maxnumwidth=\skip53
Class scrreprt Info: using compatibility default `runin=bysign'
(scrreprt)           for `\subparagraph on input line 5584.
Class scrreprt Info: using compatibility default `afterindent=bysign'
(scrreprt)           for `\subparagraph on input line 5584.
\abovecaptionskip=\skip54
\belowcaptionskip=\skip55
\c@pti@nb@sid@b@x=\box28
Package tocbasic Info: omitting babel extension for `lof'
(tocbasic)             because of feature `nobabel' available
(tocbasic)             for `lof' on input line 6808.
\scr@dte@figure@maxnumwidth=\skip56
\c@figure=\count88
Package tocbasic Info: omitting babel extension for `lot'
(tocbasic)             because of feature `nobabel' available
(tocbasic)             for `lot' on input line 6825.
\scr@dte@table@maxnumwidth=\skip57
\c@table=\count89
Class scrreprt Info: Redefining `\numberline' on input line 6994.
\bibindent=\dimen102
)
(./enseatitlepage.sty
Package: enseatitlepage 2021/04/26 titlepages ensea style

(c:/texlive/2019/texmf-dist/tex/latex/etoolbox/etoolbox.sty
Package: etoolbox 2019/09/21 v2.5h e-TeX tools for LaTeX (JAW)
\etb@tempcnta=\count90
)
(c:/texlive/2019/texmf-dist/tex/latex/xcolor/xcolor.sty
Package: xcolor 2016/05/11 v2.12 LaTeX color extensions (UK)

(c:/texlive/2019/texmf-dist/tex/latex/graphics-cfg/color.cfg
File: color.cfg 2016/01/02 v1.6 sample color configuration
)
Package xcolor Info: Driver file: pdftex.def on input line 225.

(c:/texlive/2019/texmf-dist/tex/latex/graphics-def/pdftex.def
File: pdftex.def 2018/01/08 v1.0l Graphics/color driver for pdftex
)
Package xcolor Info: Model `cmy' substituted by `cmy0' on input line 1348.
Package xcolor Info: Model `hsb' substituted by `rgb' on input line 1352.
Package xcolor Info: Model `RGB' extended on input line 1364.
Package xcolor Info: Model `HTML' substituted by `rgb' on input line 1366.
Package xcolor Info: Model `Hsb' substituted by `hsb' on input line 1367.
Package xcolor Info: Model `tHsb' substituted by `hsb' on input line 1368.
Package xcolor Info: Model `HSB' substituted by `hsb' on input line 1369.
Package xcolor Info: Model `Gray' substituted by `gray' on input line 1370.
Package xcolor Info: Model `wave' substituted by `hsb' on input line 1371.
)
(c:/texlive/2019/texmf-dist/tex/latex/pgf/frontendlayer/tikz.sty
(c:/texlive/2019/texmf-dist/tex/latex/pgf/basiclayer/pgf.sty
(c:/texlive/2019/texmf-dist/tex/latex/pgf/utilities/pgfrcs.sty
(c:/texlive/2019/texmf-dist/tex/generic/pgf/utilities/pgfutil-common.tex
\pgfutil@everybye=\toks15
\pgfutil@tempdima=\dimen103
\pgfutil@tempdimb=\dimen104

(c:/texlive/2019/texmf-dist/tex/generic/pgf/utilities/pgfutil-common-lists.tex)
) (c:/texlive/2019/texmf-dist/tex/generic/pgf/utilities/pgfutil-latex.def
\pgfutil@abb=\box29

(c:/texlive/2019/texmf-dist/tex/latex/ms/everyshi.sty
Package: everyshi 2001/05/15 v3.00 EveryShipout Package (MS)
))
(c:/texlive/2019/texmf-dist/tex/generic/pgf/utilities/pgfrcs.code.tex
(c:/texlive/2019/texmf-dist/tex/generic/pgf/pgf.revision.tex)
Package: pgfrcs 2019/08/03 v3.1.4b (3.1.4b)
))
Package: pgf 2019/08/03 v3.1.4b (3.1.4b)

(c:/texlive/2019/texmf-dist/tex/latex/pgf/basiclayer/pgfcore.sty
(c:/texlive/2019/texmf-dist/tex/latex/graphics/graphicx.sty
Package: graphicx 2017/06/01 v1.1a Enhanced LaTeX Graphics (DPC,SPQR)

(c:/texlive/2019/texmf-dist/tex/latex/graphics/graphics.sty
Package: graphics 2019/11/01 v1.3d Standard LaTeX Graphics (DPC,SPQR)

(c:/texlive/2019/texmf-dist/tex/latex/graphics/trig.sty
Package: trig 2016/01/03 v1.10 sin cos tan (DPC)
)
(c:/texlive/2019/texmf-dist/tex/latex/graphics-cfg/graphics.cfg
File: graphics.cfg 2016/06/04 v1.11 sample graphics configuration
)
Package graphics Info: Driver file: pdftex.def on input line 105.
)
\Gin@req@height=\dimen105
\Gin@req@width=\dimen106
)
(c:/texlive/2019/texmf-dist/tex/latex/pgf/systemlayer/pgfsys.sty
(c:/texlive/2019/texmf-dist/tex/generic/pgf/systemlayer/pgfsys.code.tex
Package: pgfsys 2019/08/03 v3.1.4b (3.1.4b)

(c:/texlive/2019/texmf-dist/tex/generic/pgf/utilities/pgfkeys.code.tex
\pgfkeys@pathtoks=\toks16
\pgfkeys@temptoks=\toks17

(c:/texlive/2019/texmf-dist/tex/generic/pgf/utilities/pgfkeysfiltered.code.tex
\pgfkeys@tmptoks=\toks18
))
\pgf@x=\dimen107
\pgf@y=\dimen108
\pgf@xa=\dimen109
\pgf@ya=\dimen110
\pgf@xb=\dimen111
\pgf@yb=\dimen112
\pgf@xc=\dimen113
\pgf@yc=\dimen114
\pgf@xd=\dimen115
\pgf@yd=\dimen116
\w@pgf@writea=\write3
\r@pgf@reada=\read1
\c@pgf@counta=\count91
\c@pgf@countb=\count92
\c@pgf@countc=\count93
\c@pgf@countd=\count94
\t@pgf@toka=\toks19
\t@pgf@tokb=\toks20
\t@pgf@tokc=\toks21
\pgf@sys@id@count=\count95
 (c:/texlive/2019/texmf-dist/tex/generic/pgf/systemlayer/pgf.cfg
File: pgf.cfg 2019/08/03 v3.1.4b (3.1.4b)
)
Driver file for pgf: pgfsys-pdftex.def

(c:/texlive/2019/texmf-dist/tex/generic/pgf/systemlayer/pgfsys-pdftex.def
File: pgfsys-pdftex.def 2019/08/03 v3.1.4b (3.1.4b)

(c:/texlive/2019/texmf-dist/tex/generic/pgf/systemlayer/pgfsys-common-pdf.def
File: pgfsys-common-pdf.def 2019/08/03 v3.1.4b (3.1.4b)
)))
(c:/texlive/2019/texmf-dist/tex/generic/pgf/systemlayer/pgfsyssoftpath.code.tex
File: pgfsyssoftpath.code.tex 2019/08/03 v3.1.4b (3.1.4b)
\pgfsyssoftpath@smallbuffer@items=\count96
\pgfsyssoftpath@bigbuffer@items=\count97
)
(c:/texlive/2019/texmf-dist/tex/generic/pgf/systemlayer/pgfsysprotocol.code.tex
File: pgfsysprotocol.code.tex 2019/08/03 v3.1.4b (3.1.4b)
)) (c:/texlive/2019/texmf-dist/tex/generic/pgf/basiclayer/pgfcore.code.tex
Package: pgfcore 2019/08/03 v3.1.4b (3.1.4b)

(c:/texlive/2019/texmf-dist/tex/generic/pgf/math/pgfmath.code.tex
(c:/texlive/2019/texmf-dist/tex/generic/pgf/math/pgfmathcalc.code.tex
(c:/texlive/2019/texmf-dist/tex/generic/pgf/math/pgfmathutil.code.tex)
(c:/texlive/2019/texmf-dist/tex/generic/pgf/math/pgfmathparser.code.tex
\pgfmath@dimen=\dimen117
\pgfmath@count=\count98
\pgfmath@box=\box30
\pgfmath@toks=\toks22
\pgfmath@stack@operand=\toks23
\pgfmath@stack@operation=\toks24
)
(c:/texlive/2019/texmf-dist/tex/generic/pgf/math/pgfmathfunctions.code.tex
(c:/texlive/2019/texmf-dist/tex/generic/pgf/math/pgfmathfunctions.basic.code.te
x)
(c:/texlive/2019/texmf-dist/tex/generic/pgf/math/pgfmathfunctions.trigonometric
.code.tex)
(c:/texlive/2019/texmf-dist/tex/generic/pgf/math/pgfmathfunctions.random.code.t
ex)
(c:/texlive/2019/texmf-dist/tex/generic/pgf/math/pgfmathfunctions.comparison.co
de.tex)
(c:/texlive/2019/texmf-dist/tex/generic/pgf/math/pgfmathfunctions.base.code.tex
)
(c:/texlive/2019/texmf-dist/tex/generic/pgf/math/pgfmathfunctions.round.code.te
x)
(c:/texlive/2019/texmf-dist/tex/generic/pgf/math/pgfmathfunctions.misc.code.tex
)
(c:/texlive/2019/texmf-dist/tex/generic/pgf/math/pgfmathfunctions.integerarithm
etics.code.tex)))
(c:/texlive/2019/texmf-dist/tex/generic/pgf/math/pgfmathfloat.code.tex
\c@pgfmathroundto@lastzeros=\count99
))
(c:/texlive/2019/texmf-dist/tex/generic/pgf/math/pgfint.code.tex)
(c:/texlive/2019/texmf-dist/tex/generic/pgf/basiclayer/pgfcorepoints.code.tex
File: pgfcorepoints.code.tex 2019/08/03 v3.1.4b (3.1.4b)
\pgf@picminx=\dimen118
\pgf@picmaxx=\dimen119
\pgf@picminy=\dimen120
\pgf@picmaxy=\dimen121
\pgf@pathminx=\dimen122
\pgf@pathmaxx=\dimen123
\pgf@pathminy=\dimen124
\pgf@pathmaxy=\dimen125
\pgf@xx=\dimen126
\pgf@xy=\dimen127
\pgf@yx=\dimen128
\pgf@yy=\dimen129
\pgf@zx=\dimen130
\pgf@zy=\dimen131
)
(c:/texlive/2019/texmf-dist/tex/generic/pgf/basiclayer/pgfcorepathconstruct.cod
e.tex
File: pgfcorepathconstruct.code.tex 2019/08/03 v3.1.4b (3.1.4b)
\pgf@path@lastx=\dimen132
\pgf@path@lasty=\dimen133
)
(c:/texlive/2019/texmf-dist/tex/generic/pgf/basiclayer/pgfcorepathusage.code.te
x
File: pgfcorepathusage.code.tex 2019/08/03 v3.1.4b (3.1.4b)
\pgf@shorten@end@additional=\dimen134
\pgf@shorten@start@additional=\dimen135
)
(c:/texlive/2019/texmf-dist/tex/generic/pgf/basiclayer/pgfcorescopes.code.tex
File: pgfcorescopes.code.tex 2019/08/03 v3.1.4b (3.1.4b)
\pgfpic=\box31
\pgf@hbox=\box32
\pgf@layerbox@main=\box33
\pgf@picture@serial@count=\count100
)
(c:/texlive/2019/texmf-dist/tex/generic/pgf/basiclayer/pgfcoregraphicstate.code
.tex
File: pgfcoregraphicstate.code.tex 2019/08/03 v3.1.4b (3.1.4b)
\pgflinewidth=\dimen136
)
(c:/texlive/2019/texmf-dist/tex/generic/pgf/basiclayer/pgfcoretransformations.c
ode.tex
File: pgfcoretransformations.code.tex 2019/08/03 v3.1.4b (3.1.4b)
\pgf@pt@x=\dimen137
\pgf@pt@y=\dimen138
\pgf@pt@temp=\dimen139
)
(c:/texlive/2019/texmf-dist/tex/generic/pgf/basiclayer/pgfcorequick.code.tex
File: pgfcorequick.code.tex 2019/08/03 v3.1.4b (3.1.4b)
)
(c:/texlive/2019/texmf-dist/tex/generic/pgf/basiclayer/pgfcoreobjects.code.tex
File: pgfcoreobjects.code.tex 2019/08/03 v3.1.4b (3.1.4b)
)
(c:/texlive/2019/texmf-dist/tex/generic/pgf/basiclayer/pgfcorepathprocessing.co
de.tex
File: pgfcorepathprocessing.code.tex 2019/08/03 v3.1.4b (3.1.4b)
)
(c:/texlive/2019/texmf-dist/tex/generic/pgf/basiclayer/pgfcorearrows.code.tex
File: pgfcorearrows.code.tex 2019/08/03 v3.1.4b (3.1.4b)
\pgfarrowsep=\dimen140
)
(c:/texlive/2019/texmf-dist/tex/generic/pgf/basiclayer/pgfcoreshade.code.tex
File: pgfcoreshade.code.tex 2019/08/03 v3.1.4b (3.1.4b)
\pgf@max=\dimen141
\pgf@sys@shading@range@num=\count101
\pgf@shadingcount=\count102
)
(c:/texlive/2019/texmf-dist/tex/generic/pgf/basiclayer/pgfcoreimage.code.tex
File: pgfcoreimage.code.tex 2019/08/03 v3.1.4b (3.1.4b)

(c:/texlive/2019/texmf-dist/tex/generic/pgf/basiclayer/pgfcoreexternal.code.tex
File: pgfcoreexternal.code.tex 2019/08/03 v3.1.4b (3.1.4b)
\pgfexternal@startupbox=\box34
))
(c:/texlive/2019/texmf-dist/tex/generic/pgf/basiclayer/pgfcorelayers.code.tex
File: pgfcorelayers.code.tex 2019/08/03 v3.1.4b (3.1.4b)
)
(c:/texlive/2019/texmf-dist/tex/generic/pgf/basiclayer/pgfcoretransparency.code
.tex
File: pgfcoretransparency.code.tex 2019/08/03 v3.1.4b (3.1.4b)
)
(c:/texlive/2019/texmf-dist/tex/generic/pgf/basiclayer/pgfcorepatterns.code.tex
File: pgfcorepatterns.code.tex 2019/08/03 v3.1.4b (3.1.4b)
) (c:/texlive/2019/texmf-dist/tex/generic/pgf/basiclayer/pgfcorerdf.code.tex
File: pgfcorerdf.code.tex 2019/08/03 v3.1.4b (3.1.4b)
))) (c:/texlive/2019/texmf-dist/tex/generic/pgf/modules/pgfmoduleshapes.code.te
x
File: pgfmoduleshapes.code.tex 2019/08/03 v3.1.4b (3.1.4b)
\pgfnodeparttextbox=\box35
)
(c:/texlive/2019/texmf-dist/tex/generic/pgf/modules/pgfmoduleplot.code.tex
File: pgfmoduleplot.code.tex 2019/08/03 v3.1.4b (3.1.4b)
)
(c:/texlive/2019/texmf-dist/tex/latex/pgf/compatibility/pgfcomp-version-0-65.st
y
Package: pgfcomp-version-0-65 2019/08/03 v3.1.4b (3.1.4b)
\pgf@nodesepstart=\dimen142
\pgf@nodesepend=\dimen143
)
(c:/texlive/2019/texmf-dist/tex/latex/pgf/compatibility/pgfcomp-version-1-18.st
y
Package: pgfcomp-version-1-18 2019/08/03 v3.1.4b (3.1.4b)
)) (c:/texlive/2019/texmf-dist/tex/latex/pgf/utilities/pgffor.sty
(c:/texlive/2019/texmf-dist/tex/latex/pgf/utilities/pgfkeys.sty
(c:/texlive/2019/texmf-dist/tex/generic/pgf/utilities/pgfkeys.code.tex))
(c:/texlive/2019/texmf-dist/tex/latex/pgf/math/pgfmath.sty
(c:/texlive/2019/texmf-dist/tex/generic/pgf/math/pgfmath.code.tex))
(c:/texlive/2019/texmf-dist/tex/generic/pgf/utilities/pgffor.code.tex
Package: pgffor 2019/08/03 v3.1.4b (3.1.4b)

(c:/texlive/2019/texmf-dist/tex/generic/pgf/math/pgfmath.code.tex)
\pgffor@iter=\dimen144
\pgffor@skip=\dimen145
\pgffor@stack=\toks25
\pgffor@toks=\toks26
))
(c:/texlive/2019/texmf-dist/tex/generic/pgf/frontendlayer/tikz/tikz.code.tex
Package: tikz 2019/08/03 v3.1.4b (3.1.4b)

(c:/texlive/2019/texmf-dist/tex/generic/pgf/libraries/pgflibraryplothandlers.co
de.tex
File: pgflibraryplothandlers.code.tex 2019/08/03 v3.1.4b (3.1.4b)
\pgf@plot@mark@count=\count103
\pgfplotmarksize=\dimen146
)
\tikz@lastx=\dimen147
\tikz@lasty=\dimen148
\tikz@lastxsaved=\dimen149
\tikz@lastysaved=\dimen150
\tikz@lastmovetox=\dimen151
\tikz@lastmovetoy=\dimen152
\tikzleveldistance=\dimen153
\tikzsiblingdistance=\dimen154
\tikz@figbox=\box36
\tikz@figbox@bg=\box37
\tikz@tempbox=\box38
\tikz@tempbox@bg=\box39
\tikztreelevel=\count104
\tikznumberofchildren=\count105
\tikznumberofcurrentchild=\count106
\tikz@fig@count=\count107

(c:/texlive/2019/texmf-dist/tex/generic/pgf/modules/pgfmodulematrix.code.tex
File: pgfmodulematrix.code.tex 2019/08/03 v3.1.4b (3.1.4b)
\pgfmatrixcurrentrow=\count108
\pgfmatrixcurrentcolumn=\count109
\pgf@matrix@numberofcolumns=\count110
)
\tikz@expandcount=\count111

(c:/texlive/2019/texmf-dist/tex/generic/pgf/frontendlayer/tikz/libraries/tikzli
brarytopaths.code.tex
File: tikzlibrarytopaths.code.tex 2019/08/03 v3.1.4b (3.1.4b)
)))
Using a KOMA class, no need to load package scrextend
) (c:/texlive/2019/texmf-dist/tex/latex/float/float.sty
Package: float 2001/11/08 v1.3d Float enhancements (AL)
\c@float@type=\count112
\float@exts=\toks27
\float@box=\box40
\@float@everytoks=\toks28
\@floatcapt=\box41
)
(c:/texlive/2019/texmf-dist/tex/latex/amsmath/amsmath.sty
Package: amsmath 2019/04/01 v2.17c AMS math features
\@mathmargin=\skip58

For additional information on amsmath, use the `?' option.
(c:/texlive/2019/texmf-dist/tex/latex/amsmath/amstext.sty
Package: amstext 2000/06/29 v2.01 AMS text

(c:/texlive/2019/texmf-dist/tex/latex/amsmath/amsgen.sty
File: amsgen.sty 1999/11/30 v2.0 generic functions
\@emptytoks=\toks29
\ex@=\dimen155
))
(c:/texlive/2019/texmf-dist/tex/latex/amsmath/amsbsy.sty
Package: amsbsy 1999/11/29 v1.2d Bold Symbols
\pmbraise@=\dimen156
)
(c:/texlive/2019/texmf-dist/tex/latex/amsmath/amsopn.sty
Package: amsopn 2016/03/08 v2.02 operator names
)
\inf@bad=\count113
LaTeX Info: Redefining \frac on input line 227.
\uproot@=\count114
\leftroot@=\count115
LaTeX Info: Redefining \overline on input line 389.
\classnum@=\count116
\DOTSCASE@=\count117
LaTeX Info: Redefining \ldots on input line 486.
LaTeX Info: Redefining \dots on input line 489.
LaTeX Info: Redefining \cdots on input line 610.
\Mathstrutbox@=\box42
\strutbox@=\box43
\big@size=\dimen157
LaTeX Font Info:    Redeclaring font encoding OML on input line 733.
LaTeX Font Info:    Redeclaring font encoding OMS on input line 734.
\macc@depth=\count118
\c@MaxMatrixCols=\count119
\dotsspace@=\muskip10
\c@parentequation=\count120
\dspbrk@lvl=\count121
\tag@help=\toks30
\row@=\count122
\column@=\count123
\maxfields@=\count124
\andhelp@=\toks31
\eqnshift@=\dimen158
\alignsep@=\dimen159
\tagshift@=\dimen160
\tagwidth@=\dimen161
\totwidth@=\dimen162
\lineht@=\dimen163
\@envbody=\toks32
\multlinegap=\skip59
\multlinetaggap=\skip60
\mathdisplay@stack=\toks33
LaTeX Info: Redefining \[ on input line 2855.
LaTeX Info: Redefining \] on input line 2856.
)
(c:/texlive/2019/texmf-dist/tex/latex/pdfpages/pdfpages.sty
Package: pdfpages 2019/09/21 v0.5n Insert pages of external PDF documents (AM)

(c:/texlive/2019/texmf-dist/tex/latex/base/ifthen.sty
Package: ifthen 2014/09/29 v1.1c Standard LaTeX ifthen package (DPC)
)
(c:/texlive/2019/texmf-dist/tex/latex/tools/calc.sty
Package: calc 2017/05/25 v4.3 Infix arithmetic (KKT,FJ)
\calc@Acount=\count125
\calc@Bcount=\count126
\calc@Adimen=\dimen164
\calc@Bdimen=\dimen165
\calc@Askip=\skip61
\calc@Bskip=\skip62
LaTeX Info: Redefining \setlength on input line 80.
LaTeX Info: Redefining \addtolength on input line 81.
\calc@Ccount=\count127
\calc@Cskip=\skip63
)
(c:/texlive/2019/texmf-dist/tex/latex/eso-pic/eso-pic.sty
Package: eso-pic 2018/04/12 v2.0h eso-pic (RN)

(c:/texlive/2019/texmf-dist/tex/generic/oberdiek/atbegshi.sty
Package: atbegshi 2016/06/09 v1.18 At begin shipout hook (HO)

(c:/texlive/2019/texmf-dist/tex/generic/oberdiek/infwarerr.sty
Package: infwarerr 2016/05/16 v1.4 Providing info/warning/error messages (HO)
)
(c:/texlive/2019/texmf-dist/tex/generic/oberdiek/ltxcmds.sty
Package: ltxcmds 2016/05/16 v1.23 LaTeX kernel commands for general use (HO)
)
(c:/texlive/2019/texmf-dist/tex/generic/iftex/ifpdf.sty
Package: ifpdf 2019/10/25 v3.4 ifpdf legacy package. Use iftex instead.

(c:/texlive/2019/texmf-dist/tex/generic/iftex/iftex.sty
Package: iftex 2019/11/07 v1.0c TeX engine tests
))))
\AM@pagewidth=\dimen166
\AM@pageheight=\dimen167

(c:/texlive/2019/texmf-dist/tex/latex/pdfpages/pppdftex.def
File: pppdftex.def 2019/09/21 v0.5n Pdfpages driver for pdfTeX (AM)
)
\AM@pagebox=\box44
\AM@global@opts=\toks34
\AM@toc@title=\toks35
\c@AM@survey=\count128
\AM@templatesizebox=\box45
)
(c:/texlive/2019/texmf-dist/tex/latex/multirow/multirow.sty
Package: multirow 2019/05/31 v2.5 Span multiple rows of a table
\multirow@colwidth=\skip64
\multirow@cntb=\count129
\multirow@dima=\skip65
\bigstrutjot=\dimen168
)
(c:/texlive/2019/texmf-dist/tex/latex/lipsum/lipsum.sty
(c:/texlive/2019/texmf-dist/tex/latex/l3kernel/expl3.sty
Package: expl3 2019-11-07 L3 programming layer (loader) 

(c:/texlive/2019/texmf-dist/tex/latex/l3kernel/expl3-code.tex
Package: expl3 2019-11-07 L3 programming layer (code)
\c_max_int=\count130
\l_tmpa_int=\count131
\l_tmpb_int=\count132
\g_tmpa_int=\count133
\g_tmpb_int=\count134
\l__seq_internal_a_int=\count135
\l__seq_internal_b_int=\count136
\g__kernel_prg_map_int=\count137
\c__ior_term_noprompt_ior=\count138
\c_log_iow=\count139
\l_iow_line_count_int=\count140
\l__iow_line_target_int=\count141
\l__iow_one_indent_int=\count142
\l__iow_indent_int=\count143
\c_zero_dim=\dimen169
\c_max_dim=\dimen170
\l_tmpa_dim=\dimen171
\l_tmpb_dim=\dimen172
\g_tmpa_dim=\dimen173
\g_tmpb_dim=\dimen174
\c_zero_skip=\skip66
\c_max_skip=\skip67
\l_tmpa_skip=\skip68
\l_tmpb_skip=\skip69
\g_tmpa_skip=\skip70
\g_tmpb_skip=\skip71
\c_zero_muskip=\muskip11
\c_max_muskip=\muskip12
\l_tmpa_muskip=\muskip13
\l_tmpb_muskip=\muskip14
\g_tmpa_muskip=\muskip15
\g_tmpb_muskip=\muskip16
\l_keys_choice_int=\count144
\l__intarray_loop_int=\count145
\c__intarray_sp_dim=\dimen175
\g__intarray_font_int=\count146
\c__fp_leading_shift_int=\count147
\c__fp_middle_shift_int=\count148
\c__fp_trailing_shift_int=\count149
\c__fp_big_leading_shift_int=\count150
\c__fp_big_middle_shift_int=\count151
\c__fp_big_trailing_shift_int=\count152
\c__fp_Bigg_leading_shift_int=\count153
\c__fp_Bigg_middle_shift_int=\count154
\c__fp_Bigg_trailing_shift_int=\count155
\c__kernel_randint_max_int=\count156
\g__fp_array_int=\count157
\l__fp_array_loop_int=\count158
\l__sort_length_int=\count159
\l__sort_min_int=\count160
\l__sort_top_int=\count161
\l__sort_max_int=\count162
\l__sort_true_max_int=\count163
\l__sort_block_int=\count164
\l__sort_begin_int=\count165
\l__sort_end_int=\count166
\l__sort_A_int=\count167
\l__sort_B_int=\count168
\l__sort_C_int=\count169
\l__str_internal_int=\count170
\c__str_replacement_char_int=\count171
\l__tl_analysis_normal_int=\count172
\l__tl_analysis_index_int=\count173
\l__tl_analysis_nesting_int=\count174
\l__tl_analysis_type_int=\count175
\l__regex_internal_a_int=\count176
\l__regex_internal_b_int=\count177
\l__regex_internal_c_int=\count178
\l__regex_balance_int=\count179
\l__regex_group_level_int=\count180
\l__regex_mode_int=\count181
\c__regex_cs_in_class_mode_int=\count182
\c__regex_cs_mode_int=\count183
\l__regex_catcodes_int=\count184
\l__regex_default_catcodes_int=\count185
\c__regex_catcode_D_int=\count186
\c__regex_catcode_S_int=\count187
\c__regex_catcode_L_int=\count188
\c__regex_catcode_O_int=\count189
\c__regex_catcode_A_int=\count190
\c__regex_all_catcodes_int=\count191
\l__regex_show_lines_int=\count192
\l__regex_min_state_int=\count193
\l__regex_max_state_int=\count194
\l__regex_left_state_int=\count195
\l__regex_right_state_int=\count196
\l__regex_capturing_group_int=\count197
\l__regex_min_pos_int=\count198
\l__regex_max_pos_int=\count199
\l__regex_curr_pos_int=\count266
\l__regex_start_pos_int=\count267
\l__regex_success_pos_int=\count268
\l__regex_curr_char_int=\count269
\l__regex_curr_catcode_int=\count270
\l__regex_last_char_int=\count271
\l__regex_case_changed_char_int=\count272
\l__regex_curr_state_int=\count273
\l__regex_step_int=\count274
\l__regex_min_active_int=\count275
\l__regex_max_active_int=\count276
\l__regex_replacement_csnames_int=\count277
\l__regex_match_count_int=\count278
\l__regex_min_submatch_int=\count279
\l__regex_submatch_int=\count280
\l__regex_zeroth_submatch_int=\count281
\g__regex_trace_regex_int=\count282
\c_empty_box=\box46
\l_tmpa_box=\box47
\l_tmpb_box=\box48
\g_tmpa_box=\box49
\g_tmpb_box=\box50
\l__box_top_dim=\dimen176
\l__box_bottom_dim=\dimen177
\l__box_left_dim=\dimen178
\l__box_right_dim=\dimen179
\l__box_top_new_dim=\dimen180
\l__box_bottom_new_dim=\dimen181
\l__box_left_new_dim=\dimen182
\l__box_right_new_dim=\dimen183
\l__box_internal_box=\box51
\l__coffin_internal_box=\box52
\l__coffin_internal_dim=\dimen184
\l__coffin_offset_x_dim=\dimen185
\l__coffin_offset_y_dim=\dimen186
\l__coffin_x_dim=\dimen187
\l__coffin_y_dim=\dimen188
\l__coffin_x_prime_dim=\dimen189
\l__coffin_y_prime_dim=\dimen190
\c_empty_coffin=\box53
\l__coffin_aligned_coffin=\box54
\l__coffin_aligned_internal_coffin=\box55
\l_tmpa_coffin=\box56
\l_tmpb_coffin=\box57
\g_tmpa_coffin=\box58
\g_tmpb_coffin=\box59
\l__coffin_bounding_shift_dim=\dimen191
\l__coffin_left_corner_dim=\dimen192
\l__coffin_right_corner_dim=\dimen193
\l__coffin_bottom_corner_dim=\dimen194
\l__coffin_top_corner_dim=\dimen195
\l__coffin_scaled_total_height_dim=\dimen196
\l__coffin_scaled_width_dim=\dimen197
\c__coffin_empty_coffin=\box60
\l__coffin_display_coffin=\box61
\l__coffin_display_coord_coffin=\box62
\l__coffin_display_pole_coffin=\box63
\l__coffin_display_offset_dim=\dimen198
\l__coffin_display_x_dim=\dimen199
\l__coffin_display_y_dim=\dimen256
\g__char_data_ior=\read2

(c:/texlive/2019/texmf-dist/tex/latex/l3kernel/l3deprecation.def
File: l3deprecation.def 2019-04-06 v L3 Deprecated functions
))
(c:/texlive/2019/texmf-dist/tex/latex/l3backend/l3backend-pdfmode.def
File: l3backend-pdfmode.def 2019-04-06 L3 backend support: PDF mode
\l__kernel_color_stack_int=\count283
\l__pdf_internal_box=\box64
))
(c:/texlive/2019/texmf-dist/tex/latex/l3packages/xparse/xparse.sty
Package: xparse 2019-10-11 L3 Experimental document command parser
\l__xparse_current_arg_int=\count284
\g__xparse_grabber_int=\count285
\l__xparse_m_args_int=\count286
\l__xparse_v_nesting_int=\count287
)
Package: lipsum 2019/01/02 v2.2 150 paragraphs of Lorem Ipsum dummy text

(c:/texlive/2019/texmf-dist/tex/latex/lipsum/lipsum.ltd.tex
File: lipsum.ltd.tex 2019/01/02 v2.2 The Lorem ipsum dummy text
))
(./Corrrection.aux (./TD_Buck/Correction/TD_Buck_Correction.aux))
\openout1 = `Corrrection.aux'.

LaTeX Font Info:    Checking defaults for OML/cmm/m/it on input line 28.
LaTeX Font Info:    ... okay on input line 28.
LaTeX Font Info:    Checking defaults for T1/cmr/m/n on input line 28.
LaTeX Font Info:    ... okay on input line 28.
LaTeX Font Info:    Checking defaults for OT1/cmr/m/n on input line 28.
LaTeX Font Info:    ... okay on input line 28.
LaTeX Font Info:    Checking defaults for OMS/cmsy/m/n on input line 28.
LaTeX Font Info:    ... okay on input line 28.
LaTeX Font Info:    Checking defaults for OMX/cmex/m/n on input line 28.
LaTeX Font Info:    ... okay on input line 28.
LaTeX Font Info:    Checking defaults for U/cmr/m/n on input line 28.
LaTeX Font Info:    ... okay on input line 28.
Package scrbase Info: activating english \contentsname on input line 28.
Package scrbase Info: activating english \listfigurename on input line 28.
Package scrbase Info: activating english \listtablename on input line 28.

(c:/texlive/2019/texmf-dist/tex/context/base/mkii/supp-pdf.mkii
[Loading MPS to PDF converter (version 2006.09.02).]
\scratchcounter=\count288
\scratchdimen=\dimen257
\scratchbox=\box65
\nofMPsegments=\count289
\nofMParguments=\count290
\everyMPshowfont=\toks36
\MPscratchCnt=\count291
\MPscratchDim=\dimen258
\MPnumerator=\count292
\makeMPintoPDFobject=\count293
\everyMPtoPDFconversion=\toks37
) (c:/texlive/2019/texmf-dist/tex/latex/oberdiek/epstopdf-base.sty
Package: epstopdf-base 2016/05/15 v2.6 Base part for package epstopdf

(c:/texlive/2019/texmf-dist/tex/latex/oberdiek/grfext.sty
Package: grfext 2016/05/16 v1.2 Manage graphics extensions (HO)

(c:/texlive/2019/texmf-dist/tex/generic/oberdiek/kvdefinekeys.sty
Package: kvdefinekeys 2016/05/16 v1.4 Define keys (HO)
))
(c:/texlive/2019/texmf-dist/tex/latex/oberdiek/kvoptions.sty
Package: kvoptions 2016/05/16 v3.12 Key value format for package options (HO)

(c:/texlive/2019/texmf-dist/tex/generic/oberdiek/kvsetkeys.sty
Package: kvsetkeys 2016/05/16 v1.17 Key value parser (HO)

(c:/texlive/2019/texmf-dist/tex/generic/oberdiek/etexcmds.sty
Package: etexcmds 2016/05/16 v1.6 Avoid name clashes with e-TeX commands (HO)

(c:/texlive/2019/texmf-dist/tex/generic/iftex/ifluatex.sty
Package: ifluatex 2019/10/25 v1.5 ifluatex legacy package. Use iftex instead.
))))
(c:/texlive/2019/texmf-dist/tex/generic/oberdiek/pdftexcmds.sty
Package: pdftexcmds 2019/07/25 v0.30 Utility functions of pdfTeX for LuaTeX (HO
)
Package pdftexcmds Info: LuaTeX not detected.
Package pdftexcmds Info: \pdf@primitive is available.
Package pdftexcmds Info: \pdf@ifprimitive is available.
Package pdftexcmds Info: \pdfdraftmode found.
)
Package epstopdf-base Info: Redefining graphics rule for `.eps' on input line 4
41.
Package grfext Info: Graphics extension search list:
(grfext)             [.pdf,.png,.jpg,.mps,.jpeg,.jbig2,.jb2,.PDF,.PNG,.JPG,.JPE
G,.JBIG2,.JB2,.eps]
(grfext)             \AppendGraphicsExtensions on input line 459.

(c:/texlive/2019/texmf-dist/tex/latex/latexconfig/epstopdf-sys.cfg
File: epstopdf-sys.cfg 2010/07/13 v1.3 Configuration of (r)epstopdf for TeX Liv
e
))
ABD: EveryShipout initializing macros
\AtBeginShipoutBox=\box66

(c:/texlive/2019/texmf-dist/tex/latex/oberdiek/pdflscape.sty
Package: pdflscape 2016/05/14 v0.11 Display of landscape pages in PDF (HO)

(c:/texlive/2019/texmf-dist/tex/latex/graphics/lscape.sty
Package: lscape 2000/10/22 v3.01 Landscape Pages (DPC)
)
Package pdflscape Info: Auto-detected driver: pdftex on input line 84.

(c:/texlive/2019/texmf-dist/tex/generic/iftex/ifxetex.sty
Package: ifxetex 2019/10/25 v0.7 ifxetex legacy package. Use iftex instead.
))
Typesetting the titlepage
<Logo ENSEA 2021 vec-protected.pdf, id=4, 236.78644pt x 255.41423pt>
File: Logo ENSEA 2021 vec-protected.pdf Graphic file (type pdf)
<use Logo ENSEA 2021 vec-protected.pdf>
Package pdftex.def Info: Logo ENSEA 2021 vec-protected.pdf  used on input line 
29.
(pdftex.def)             Requested size: 213.39566pt x 230.18634pt.
<Poly bande photos.jpg, id=5, 128.3997pt x 845.0772pt>
File: Poly bande photos.jpg Graphic file (type jpg)
<use Poly bande photos.jpg>
Package pdftex.def Info: Poly bande photos.jpg  used on input line 29.
(pdftex.def)             Requested size: 128.39546pt x 845.04694pt.
[1



{c:/texlive/2019/texmf-var/fonts/map/pdftex/updmap/pdftex.map} <./Logo ENSEA 20
21 vec-protected.pdf> <./Poly bande photos.jpg>]
\openout2 = `TD_Buck/Correction/TD_Buck_Correction.aux'.


(./TD_Buck/Correction/TD_Buck_Correction.tex
chapter 1.

Class scrreprt Warning: \float@addtolists detected!
(scrreprt)              Implementation of \float@addtolist became
(scrreprt)              deprecated in KOMA-Script v3.01 2008/11/14 and
(scrreprt)              has been replaced by several more flexible
(scrreprt)              features of package `tocbasic`.
(scrreprt)              Since Version 3.12 support for deprecated
(scrreprt)              \float@addtolist interface has been
(scrreprt)              restricted to only some of the KOMA-Script
(scrreprt)              features and been removed from others.
(scrreprt)              Loading of package `scrhack' may help to
(scrreprt)              avoid this warning, if you are using a
(scrreprt)              a package that still implements the
(scrreprt)              deprecated \float@addtolist interface .

LaTeX Font Info:    Trying to load font information for OMS+cmss on input line 
6.
LaTeX Font Info:    No file OMScmss.fd. on input line 6.

LaTeX Font Warning: Font shape `OMS/cmss/m/n' undefined
(Font)              using `OMS/cmsy/m/n' instead
(Font)              for symbol `textbullet' on input line 6.

<TD_Buck/Correction/fig/Q1_1.png, id=18, 255.95625pt x 140.77594pt>
File: TD_Buck/Correction/fig/Q1_1.png Graphic file (type png)
<use TD_Buck/Correction/fig/Q1_1.png>
Package pdftex.def Info: TD_Buck/Correction/fig/Q1_1.png  used on input line 24
.
(pdftex.def)             Requested size: 293.43349pt x 161.39914pt.
<TD_Buck/Correction/fig/Q1_2.png, id=19, 375.65344pt x 338.01282pt>
File: TD_Buck/Correction/fig/Q1_2.png Graphic file (type png)
<use TD_Buck/Correction/fig/Q1_2.png>
Package pdftex.def Info: TD_Buck/Correction/fig/Q1_2.png  used on input line 30
.
(pdftex.def)             Requested size: 256.7522pt x 231.04224pt.
[2


 <./TD_Buck/Correction/fig/Q1_1.png>] [3 <./TD_Buck/Correction/fig/Q1_2.png>]
<TD_Buck/Correction/fig/Q1_7.png, id=32, 444.91219pt x 239.39438pt>
File: TD_Buck/Correction/fig/Q1_7.png Graphic file (type png)
<use TD_Buck/Correction/fig/Q1_7.png>
Package pdftex.def Info: TD_Buck/Correction/fig/Q1_7.png  used on input line 72
.
(pdftex.def)             Requested size: 256.7522pt x 138.15112pt.
<TD_Buck/fig/Buck_regul.png, id=34, 653.3208pt x 447.1104pt>
File: TD_Buck/fig/Buck_regul.png Graphic file (type png)
<use TD_Buck/fig/Buck_regul.png>
Package pdftex.def Info: TD_Buck/fig/Buck_regul.png  used on input line 95.
(pdftex.def)             Requested size: 334.60571pt x 228.99205pt.

LaTeX Warning: `h' float specifier changed to `ht'.


LaTeX Font Warning: Font shape `OT1/cmss/m/it' in size <10.95> not available
(Font)              Font shape `OT1/cmss/m/sl' tried instead on input line 103.


[4 <./TD_Buck/Correction/fig/Q1_7.png>]
<TD_Buck/Correction/fig/Q2_1.png, id=41, 764.8575pt x 328.22626pt>
File: TD_Buck/Correction/fig/Q2_1.png Graphic file (type png)
<use TD_Buck/Correction/fig/Q2_1.png>
Package pdftex.def Info: TD_Buck/Correction/fig/Q2_1.png  used on input line 11
6.
(pdftex.def)             Requested size: 256.7522pt x 110.17809pt.
<TD_Buck/fig/Buck_regul_1.png, id=42, 811.3512pt x 304.9794pt>
File: TD_Buck/fig/Buck_regul_1.png Graphic file (type png)
<use TD_Buck/fig/Buck_regul_1.png>
Package pdftex.def Info: TD_Buck/fig/Buck_regul_1.png  used on input line 125.
(pdftex.def)             Requested size: 334.60571pt x 125.77298pt.
 [5 <./TD_Buck/fig/Buck_regul.PNG> <./TD_Buck/Correction/fig/Q2_1.png>]
<TD_Buck/fig/Buck_filtre.png, id=49, 470.2368pt x 192.2382pt>
File: TD_Buck/fig/Buck_filtre.png Graphic file (type png)
<use TD_Buck/fig/Buck_filtre.png>
Package pdftex.def Info: TD_Buck/fig/Buck_filtre.png  used on input line 135.
(pdftex.def)             Requested size: 271.86356pt x 111.1433pt.
 [6 <./TD_Buck/fig/Buck_regul_1.PNG> <./TD_Buck/fig/Buck_filtre.PNG>]
<TD_Buck/Correction/fig/Q2_6.png, id=56, 350.05782pt x 307.90031pt>
File: TD_Buck/Correction/fig/Q2_6.png Graphic file (type png)
<use TD_Buck/Correction/fig/Q2_6.png>
Package pdftex.def Info: TD_Buck/Correction/fig/Q2_6.png  used on input line 15
9.
(pdftex.def)             Requested size: 201.73587pt x 177.44534pt.
 [7 <./TD_Buck/Correction/fig/Q2_6.png>]
<TD_Buck/fig/LT1959.pdf, id=62, 614.295pt x 794.97pt>
File: TD_Buck/fig/LT1959.pdf Graphic file (type pdf)
<use TD_Buck/fig/LT1959.pdf>
Package pdftex.def Info: TD_Buck/fig/LT1959.pdf  used on input line 191.
(pdftex.def)             Requested size: 614.29349pt x 794.96806pt.
File: TD_Buck/fig/LT1959.pdf Graphic file (type pdf)
<use TD_Buck/fig/LT1959.pdf>
Package pdftex.def Info: TD_Buck/fig/LT1959.pdf  used on input line 191.
(pdftex.def)             Requested size: 614.29349pt x 794.96806pt.
<TD_Buck/fig/LT1959.pdf, id=65, page=1, 614.295pt x 794.97pt>
File: TD_Buck/fig/LT1959.pdf Graphic file (type pdf)
<use TD_Buck/fig/LT1959.pdf, page 1>
Package pdftex.def Info: TD_Buck/fig/LT1959.pdf , page1 used on input line 191.

(pdftex.def)             Requested size: 614.29349pt x 794.96806pt.
File: TD_Buck/fig/LT1959.pdf Graphic file (type pdf)
<use TD_Buck/fig/LT1959.pdf, page 1>
Package pdftex.def Info: TD_Buck/fig/LT1959.pdf , page1 used on input line 191.

(pdftex.def)             Requested size: 597.78697pt x 773.60669pt.
File: TD_Buck/fig/LT1959.pdf Graphic file (type pdf)
<use TD_Buck/fig/LT1959.pdf, page 1>
Package pdftex.def Info: TD_Buck/fig/LT1959.pdf , page1 used on input line 191.

(pdftex.def)             Requested size: 597.78697pt x 773.60669pt.
File: TD_Buck/fig/LT1959.pdf Graphic file (type pdf)
<use TD_Buck/fig/LT1959.pdf, page 1>
Package pdftex.def Info: TD_Buck/fig/LT1959.pdf , page1 used on input line 191.

(pdftex.def)             Requested size: 597.78697pt x 773.60669pt.
File: TD_Buck/fig/LT1959.pdf Graphic file (type pdf)
<use TD_Buck/fig/LT1959.pdf, page 1>
Package pdftex.def Info: TD_Buck/fig/LT1959.pdf , page1 used on input line 191.

(pdftex.def)             Requested size: 597.78697pt x 773.60669pt.
 [8 <./TD_Buck/fig/LT1959.pdf>]
<TD_Buck/fig/LT1959.pdf, id=96, page=2, 614.295pt x 794.97pt>
File: TD_Buck/fig/LT1959.pdf Graphic file (type pdf)
<use TD_Buck/fig/LT1959.pdf, page 2>
Package pdftex.def Info: TD_Buck/fig/LT1959.pdf , page2 used on input line 191.

(pdftex.def)             Requested size: 597.78697pt x 773.60669pt.
File: TD_Buck/fig/LT1959.pdf Graphic file (type pdf)
<use TD_Buck/fig/LT1959.pdf, page 2>
Package pdftex.def Info: TD_Buck/fig/LT1959.pdf , page2 used on input line 191.

(pdftex.def)             Requested size: 597.78697pt x 773.60669pt.
File: TD_Buck/fig/LT1959.pdf Graphic file (type pdf)
<use TD_Buck/fig/LT1959.pdf, page 2>
Package pdftex.def Info: TD_Buck/fig/LT1959.pdf , page2 used on input line 191.

(pdftex.def)             Requested size: 597.78697pt x 773.60669pt.
 [9 <./TD_Buck/fig/LT1959.pdf>]
<TD_Buck/fig/LT1959.pdf, id=101, page=3, 614.295pt x 794.97pt>
File: TD_Buck/fig/LT1959.pdf Graphic file (type pdf)
<use TD_Buck/fig/LT1959.pdf, page 3>
Package pdftex.def Info: TD_Buck/fig/LT1959.pdf , page3 used on input line 191.

(pdftex.def)             Requested size: 597.78697pt x 773.60669pt.
File: TD_Buck/fig/LT1959.pdf Graphic file (type pdf)
<use TD_Buck/fig/LT1959.pdf, page 3>
Package pdftex.def Info: TD_Buck/fig/LT1959.pdf , page3 used on input line 191.

(pdftex.def)             Requested size: 597.78697pt x 773.60669pt.
File: TD_Buck/fig/LT1959.pdf Graphic file (type pdf)
<use TD_Buck/fig/LT1959.pdf, page 3>
Package pdftex.def Info: TD_Buck/fig/LT1959.pdf , page3 used on input line 191.

(pdftex.def)             Requested size: 597.78697pt x 773.60669pt.
 [10 <./TD_Buck/fig/LT1959.pdf>]
<TD_Buck/fig/LT1959.pdf, id=105, page=4, 614.295pt x 794.97pt>
File: TD_Buck/fig/LT1959.pdf Graphic file (type pdf)
<use TD_Buck/fig/LT1959.pdf, page 4>
Package pdftex.def Info: TD_Buck/fig/LT1959.pdf , page4 used on input line 191.

(pdftex.def)             Requested size: 597.78697pt x 773.60669pt.
File: TD_Buck/fig/LT1959.pdf Graphic file (type pdf)
<use TD_Buck/fig/LT1959.pdf, page 4>
Package pdftex.def Info: TD_Buck/fig/LT1959.pdf , page4 used on input line 191.

(pdftex.def)             Requested size: 597.78697pt x 773.60669pt.
File: TD_Buck/fig/LT1959.pdf Graphic file (type pdf)
<use TD_Buck/fig/LT1959.pdf, page 4>
Package pdftex.def Info: TD_Buck/fig/LT1959.pdf , page4 used on input line 191.

(pdftex.def)             Requested size: 597.78697pt x 773.60669pt.

[11 <./TD_Buck/fig/LT1959.pdf>]
File: TD_Buck/fig/LT1959.pdf Graphic file (type pdf)
<use TD_Buck/fig/LT1959.pdf>
Package pdftex.def Info: TD_Buck/fig/LT1959.pdf  used on input line 192.
(pdftex.def)             Requested size: 614.29349pt x 794.96806pt.
File: TD_Buck/fig/LT1959.pdf Graphic file (type pdf)
<use TD_Buck/fig/LT1959.pdf>
Package pdftex.def Info: TD_Buck/fig/LT1959.pdf  used on input line 192.
(pdftex.def)             Requested size: 614.29349pt x 794.96806pt.
<TD_Buck/fig/LT1959.pdf, id=114, page=6, 614.295pt x 794.97pt>
File: TD_Buck/fig/LT1959.pdf Graphic file (type pdf)
<use TD_Buck/fig/LT1959.pdf, page 6>
Package pdftex.def Info: TD_Buck/fig/LT1959.pdf , page6 used on input line 192.

(pdftex.def)             Requested size: 614.29349pt x 794.96806pt.
File: TD_Buck/fig/LT1959.pdf Graphic file (type pdf)
<use TD_Buck/fig/LT1959.pdf, page 6>
Package pdftex.def Info: TD_Buck/fig/LT1959.pdf , page6 used on input line 192.

(pdftex.def)             Requested size: 597.78697pt x 773.60669pt.
File: TD_Buck/fig/LT1959.pdf Graphic file (type pdf)
<use TD_Buck/fig/LT1959.pdf, page 6>
Package pdftex.def Info: TD_Buck/fig/LT1959.pdf , page6 used on input line 192.

(pdftex.def)             Requested size: 597.78697pt x 773.60669pt.
File: TD_Buck/fig/LT1959.pdf Graphic file (type pdf)
<use TD_Buck/fig/LT1959.pdf, page 6>
Package pdftex.def Info: TD_Buck/fig/LT1959.pdf , page6 used on input line 192.

(pdftex.def)             Requested size: 597.78697pt x 773.60669pt.
File: TD_Buck/fig/LT1959.pdf Graphic file (type pdf)
<use TD_Buck/fig/LT1959.pdf, page 6>
Package pdftex.def Info: TD_Buck/fig/LT1959.pdf , page6 used on input line 192.

(pdftex.def)             Requested size: 597.78697pt x 773.60669pt.
 [12 <./TD_Buck/fig/LT1959.pdf>]
<TD_Buck/fig/LT1959.pdf, id=118, page=7, 614.295pt x 794.97pt>
File: TD_Buck/fig/LT1959.pdf Graphic file (type pdf)
<use TD_Buck/fig/LT1959.pdf, page 7>
Package pdftex.def Info: TD_Buck/fig/LT1959.pdf , page7 used on input line 192.

(pdftex.def)             Requested size: 597.78697pt x 773.60669pt.
File: TD_Buck/fig/LT1959.pdf Graphic file (type pdf)
<use TD_Buck/fig/LT1959.pdf, page 7>
Package pdftex.def Info: TD_Buck/fig/LT1959.pdf , page7 used on input line 192.

(pdftex.def)             Requested size: 597.78697pt x 773.60669pt.
File: TD_Buck/fig/LT1959.pdf Graphic file (type pdf)
<use TD_Buck/fig/LT1959.pdf, page 7>
Package pdftex.def Info: TD_Buck/fig/LT1959.pdf , page7 used on input line 192.

(pdftex.def)             Requested size: 597.78697pt x 773.60669pt.
 [13 <./TD_Buck/fig/LT1959.pdf>]) (./Corrrection.aux
(./TD_Buck/Correction/TD_Buck_Correction.aux))

LaTeX Font Warning: Some font shapes were not available, defaults substituted.

 ) 
Here is how much of TeX's memory you used:
 26769 strings out of 492164
 536205 string characters out of 6129087
 835876 words of memory out of 5000000
 30791 multiletter control sequences out of 15000+600000
 537895 words of font info for 43 fonts, out of 8000000 for 9000
 1141 hyphenation exceptions out of 8191
 73i,18n,84p,10084b,1041s stack positions out of 5000i,500n,10000p,200000b,80000s
<c:/texlive/2019/texmf-dist/fonts/type1/public/amsfonts/cm/cmex10.pfb><c:/tex
live/2019/texmf-dist/fonts/type1/public/amsfonts/cm/cmmi10.pfb><c:/texlive/2019
/texmf-dist/fonts/type1/public/amsfonts/cm/cmmi6.pfb><c:/texlive/2019/texmf-dis
t/fonts/type1/public/amsfonts/cm/cmmi8.pfb><c:/texlive/2019/texmf-dist/fonts/ty
pe1/public/amsfonts/cm/cmr10.pfb><c:/texlive/2019/texmf-dist/fonts/type1/public
/amsfonts/cm/cmr6.pfb><c:/texlive/2019/texmf-dist/fonts/type1/public/amsfonts/c
m/cmr8.pfb><c:/texlive/2019/texmf-dist/fonts/type1/public/amsfonts/cm/cmss10.pf
b><c:/texlive/2019/texmf-dist/fonts/type1/public/amsfonts/cm/cmss12.pfb><c:/tex
live/2019/texmf-dist/fonts/type1/public/amsfonts/cm/cmssbx10.pfb><c:/texlive/20
19/texmf-dist/fonts/type1/public/amsfonts/cm/cmssi10.pfb><c:/texlive/2019/texmf
-dist/fonts/type1/public/amsfonts/cm/cmsy10.pfb>
Output written on Corrrection.pdf (13 pages, 1381544 bytes).
PDF statistics:
 164 PDF objects out of 1000 (max. 8388607)
 102 compressed objects within 2 object streams
 0 named destinations out of 1000 (max. 500000)
 118 words of extra memory for PDF output out of 10000 (max. 10000000)

